<?xml version="1.0" encoding="UTF-8"?>
<testsuite xmlns:xsi="http://www.w3.org/2001/XMLSchema-instance" xsi:noNamespaceSchemaLocation="https://maven.apache.org/surefire/maven-surefire-plugin/xsd/surefire-test-report-3.0.xsd" version="3.0" name="TestSuite" time="30.615" tests="4" errors="0" skipped="0" failures="0">
  <properties>
    <property name="java.specification.version" value="17"/>
    <property name="webdriver.chrome.driver" value="Drivers/chromedriver.exe"/>
    <property name="sun.cpu.isalist" value="amd64"/>
    <property name="sun.jnu.encoding" value="Cp1252"/>
    <property name="java.class.path" value="C:\GIT\Sample_Projects\Sample_Applications\target\test-classes;C:\GIT\Sample_Projects\Sample_Applications\target\classes;C:\Users\Karthik Raja\.m2\repository\org\seleniumhq\selenium\selenium-java\3.141.59\selenium-java-3.141.59.jar;C:\Users\Karthik Raja\.m2\repository\org\seleniumhq\selenium\selenium-api\3.141.59\selenium-api-3.141.59.jar;C:\Users\Karthik Raja\.m2\repository\org\seleniumhq\selenium\selenium-chrome-driver\3.141.59\selenium-chrome-driver-3.141.59.jar;C:\Users\Karthik Raja\.m2\repository\org\seleniumhq\selenium\selenium-edge-driver\3.141.59\selenium-edge-driver-3.141.59.jar;C:\Users\Karthik Raja\.m2\repository\org\seleniumhq\selenium\selenium-firefox-driver\3.141.59\selenium-firefox-driver-3.141.59.jar;C:\Users\Karthik Raja\.m2\repository\org\seleniumhq\selenium\selenium-ie-driver\3.141.59\selenium-ie-driver-3.141.59.jar;C:\Users\Karthik Raja\.m2\repository\org\seleniumhq\selenium\selenium-opera-driver\3.141.59\selenium-opera-driver-3.141.59.jar;C:\Users\Karthik Raja\.m2\repository\org\seleniumhq\selenium\selenium-remote-driver\3.141.59\selenium-remote-driver-3.141.59.jar;C:\Users\Karthik Raja\.m2\repository\org\seleniumhq\selenium\selenium-safari-driver\3.141.59\selenium-safari-driver-3.141.59.jar;C:\Users\Karthik Raja\.m2\repository\org\seleniumhq\selenium\selenium-support\3.141.59\selenium-support-3.141.59.jar;C:\Users\Karthik Raja\.m2\repository\net\bytebuddy\byte-buddy\1.8.15\byte-buddy-1.8.15.jar;C:\Users\Karthik Raja\.m2\repository\org\apache\commons\commons-exec\1.3\commons-exec-1.3.jar;C:\Users\Karthik Raja\.m2\repository\com\google\guava\guava\25.0-jre\guava-25.0-jre.jar;C:\Users\Karthik Raja\.m2\repository\com\google\code\findbugs\jsr305\1.3.9\jsr305-1.3.9.jar;C:\Users\Karthik Raja\.m2\repository\org\checkerframework\checker-compat-qual\2.0.0\checker-compat-qual-2.0.0.jar;C:\Users\Karthik Raja\.m2\repository\com\google\errorprone\error_prone_annotations\2.1.3\error_prone_annotations-2.1.3.jar;C:\Users\Karthik Raja\.m2\repository\com\google\j2objc\j2objc-annotations\1.1\j2objc-annotations-1.1.jar;C:\Users\Karthik Raja\.m2\repository\org\codehaus\mojo\animal-sniffer-annotations\1.14\animal-sniffer-annotations-1.14.jar;C:\Users\Karthik Raja\.m2\repository\com\squareup\okhttp3\okhttp\3.11.0\okhttp-3.11.0.jar;C:\Users\Karthik Raja\.m2\repository\com\squareup\okio\okio\1.14.0\okio-1.14.0.jar;C:\Users\Karthik Raja\.m2\repository\commons-io\commons-io\2.4\commons-io-2.4.jar;C:\Users\Karthik Raja\.m2\repository\org\testng\testng\7.4.0\testng-7.4.0.jar;C:\Users\Karthik Raja\.m2\repository\com\beust\jcommander\1.78\jcommander-1.78.jar;C:\Users\Karthik Raja\.m2\repository\org\webjars\jquery\3.5.1\jquery-3.5.1.jar;C:\Users\Karthik Raja\.m2\repository\org\ini4j\ini4j\0.5.4\ini4j-0.5.4.jar;"/>
    <property name="java.vm.vendor" value="Eclipse Adoptium"/>
    <property name="sun.arch.data.model" value="64"/>
    <property name="user.variant" value=""/>
    <property name="java.vendor.url" value="https://adoptium.net/"/>
    <property name="user.timezone" value="Asia/Calcutta"/>
    <property name="os.name" value="Windows 11"/>
    <property name="java.vm.specification.version" value="17"/>
    <property name="sun.java.launcher" value="SUN_STANDARD"/>
    <property name="user.country" value="IN"/>
    <property name="sun.boot.library.path" value="C:\Users\Karthik Raja\.p2\pool\plugins\org.eclipse.justj.openjdk.hotspot.jre.full.win32.x86_64_17.0.4.v20220903-1038\jre\bin"/>
    <property name="sun.java.command" value="C:\Users\Karthik Raja\AppData\Local\Temp\surefire3094197353364628308\surefirebooter-20230228164808612_3.jar C:\Users\Karthik Raja\AppData\Local\Temp\surefire3094197353364628308 2023-02-28T16-48-08_133-jvmRun1 surefire-20230228164808612_1tmp surefire_0-20230228164808612_2tmp"/>
    <property name="jdk.debug" value="release"/>
    <property name="surefire.test.class.path" value="C:\GIT\Sample_Projects\Sample_Applications\target\test-classes;C:\GIT\Sample_Projects\Sample_Applications\target\classes;C:\Users\Karthik Raja\.m2\repository\org\seleniumhq\selenium\selenium-java\3.141.59\selenium-java-3.141.59.jar;C:\Users\Karthik Raja\.m2\repository\org\seleniumhq\selenium\selenium-api\3.141.59\selenium-api-3.141.59.jar;C:\Users\Karthik Raja\.m2\repository\org\seleniumhq\selenium\selenium-chrome-driver\3.141.59\selenium-chrome-driver-3.141.59.jar;C:\Users\Karthik Raja\.m2\repository\org\seleniumhq\selenium\selenium-edge-driver\3.141.59\selenium-edge-driver-3.141.59.jar;C:\Users\Karthik Raja\.m2\repository\org\seleniumhq\selenium\selenium-firefox-driver\3.141.59\selenium-firefox-driver-3.141.59.jar;C:\Users\Karthik Raja\.m2\repository\org\seleniumhq\selenium\selenium-ie-driver\3.141.59\selenium-ie-driver-3.141.59.jar;C:\Users\Karthik Raja\.m2\repository\org\seleniumhq\selenium\selenium-opera-driver\3.141.59\selenium-opera-driver-3.141.59.jar;C:\Users\Karthik Raja\.m2\repository\org\seleniumhq\selenium\selenium-remote-driver\3.141.59\selenium-remote-driver-3.141.59.jar;C:\Users\Karthik Raja\.m2\repository\org\seleniumhq\selenium\selenium-safari-driver\3.141.59\selenium-safari-driver-3.141.59.jar;C:\Users\Karthik Raja\.m2\repository\org\seleniumhq\selenium\selenium-support\3.141.59\selenium-support-3.141.59.jar;C:\Users\Karthik Raja\.m2\repository\net\bytebuddy\byte-buddy\1.8.15\byte-buddy-1.8.15.jar;C:\Users\Karthik Raja\.m2\repository\org\apache\commons\commons-exec\1.3\commons-exec-1.3.jar;C:\Users\Karthik Raja\.m2\repository\com\google\guava\guava\25.0-jre\guava-25.0-jre.jar;C:\Users\Karthik Raja\.m2\repository\com\google\code\findbugs\jsr305\1.3.9\jsr305-1.3.9.jar;C:\Users\Karthik Raja\.m2\repository\org\checkerframework\checker-compat-qual\2.0.0\checker-compat-qual-2.0.0.jar;C:\Users\Karthik Raja\.m2\repository\com\google\errorprone\error_prone_annotations\2.1.3\error_prone_annotations-2.1.3.jar;C:\Users\Karthik Raja\.m2\repository\com\google\j2objc\j2objc-annotations\1.1\j2objc-annotations-1.1.jar;C:\Users\Karthik Raja\.m2\repository\org\codehaus\mojo\animal-sniffer-annotations\1.14\animal-sniffer-annotations-1.14.jar;C:\Users\Karthik Raja\.m2\repository\com\squareup\okhttp3\okhttp\3.11.0\okhttp-3.11.0.jar;C:\Users\Karthik Raja\.m2\repository\com\squareup\okio\okio\1.14.0\okio-1.14.0.jar;C:\Users\Karthik Raja\.m2\repository\commons-io\commons-io\2.4\commons-io-2.4.jar;C:\Users\Karthik Raja\.m2\repository\org\testng\testng\7.4.0\testng-7.4.0.jar;C:\Users\Karthik Raja\.m2\repository\com\beust\jcommander\1.78\jcommander-1.78.jar;C:\Users\Karthik Raja\.m2\repository\org\webjars\jquery\3.5.1\jquery-3.5.1.jar;C:\Users\Karthik Raja\.m2\repository\org\ini4j\ini4j\0.5.4\ini4j-0.5.4.jar;"/>
    <property name="sun.cpu.endian" value="little"/>
    <property name="user.home" value="C:\Users\Karthik Raja"/>
    <property name="user.language" value="en"/>
    <property name="java.specification.vendor" value="Oracle Corporation"/>
    <property name="java.version.date" value="2022-08-12"/>
    <property name="java.home" value="C:\Users\Karthik Raja\.p2\pool\plugins\org.eclipse.justj.openjdk.hotspot.jre.full.win32.x86_64_17.0.4.v20220903-1038\jre"/>
    <property name="file.separator" value="\"/>
    <property name="style.color" value="always"/>
    <property name="basedir" value="C:\GIT\Sample_Projects\Sample_Applications"/>
    <property name="java.vm.compressedOopsMode" value="Zero based"/>
    <property name="line.separator" value="&#10;"/>
    <property name="java.vm.specification.vendor" value="Oracle Corporation"/>
    <property name="java.specification.name" value="Java Platform API Specification"/>
    <property name="surefire.real.class.path" value="C:\Users\Karthik Raja\AppData\Local\Temp\surefire3094197353364628308\surefirebooter-20230228164808612_3.jar"/>
    <property name="user.script" value=""/>
    <property name="sun.management.compiler" value="HotSpot 64-Bit Tiered Compilers"/>
    <property name="java.runtime.version" value="17.0.4.1+1"/>
    <property name="user.name" value="Karthik Raja"/>
    <property name="path.separator" value=";"/>
    <property name="os.version" value="10.0"/>
    <property name="java.runtime.name" value="OpenJDK Runtime Environment"/>
    <property name="file.encoding" value="Cp1252"/>
    <property name="java.vm.name" value="OpenJDK 64-Bit Server VM"/>
    <property name="java.vendor.version" value="Temurin-17.0.4.1+1"/>
    <property name="localRepository" value="C:\Users\Karthik Raja\.m2\repository"/>
    <property name="java.vendor.url.bug" value="https://github.com/adoptium/adoptium-support/issues"/>
    <property name="java.io.tmpdir" value="C:\Users\KARTHI~1\AppData\Local\Temp\"/>
    <property name="java.version" value="17.0.4.1"/>
    <property name="user.dir" value="C:\GIT\Sample_Projects\Sample_Applications"/>
    <property name="os.arch" value="amd64"/>
    <property name="java.vm.specification.name" value="Java Virtual Machine Specification"/>
    <property name="sun.os.patch.level" value=""/>
    <property name="native.encoding" value="Cp1252"/>
    <property name="java.library.path" value="C:\Users\Karthik Raja\.p2\pool\plugins\org.eclipse.justj.openjdk.hotspot.jre.full.win32.x86_64_17.0.4.v20220903-1038\jre\bin;C:\WINDOWS\Sun\Java\bin;C:\WINDOWS\system32;C:\WINDOWS;C:/Users/Karthik Raja/.p2/pool/plugins/org.eclipse.justj.openjdk.hotspot.jre.full.win32.x86_64_17.0.4.v20220903-1038/jre/bin/server;C:/Users/Karthik Raja/.p2/pool/plugins/org.eclipse.justj.openjdk.hotspot.jre.full.win32.x86_64_17.0.4.v20220903-1038/jre/bin;C:\ProgramData\Oracle\Java\javapath;C:\Windows\system32;C:\Windows;C:\Windows\System32\Wbem;C:\Windows\System32\WindowsPowerShell\v1.0\;C:\Windows\System32\OpenSSH\;C:\Program Files (x86)\NVIDIA Corporation\PhysX\Common;C:\Program Files\NVIDIA Corporation\NVIDIA NvDLISR;C:\Program Files\dotnet\;C:\Program Files\Maven\apache-maven-3.6.0\bin;C:\Program Files\Docker\Docker\resources\bin;C:\ProgramData\DockerDesktop\version-bin;C:\Program Files\Amazon\AWSCLIV2\;C:\Program Files\Git\cmd;C:\WINDOWS\system32;C:\WINDOWS;C:\WINDOWS\System32\Wbem;C:\WINDOWS\System32\WindowsPowerShell\v1.0\;C:\WINDOWS\System32\OpenSSH\;C:\Users\Karthik Raja\AppData\Local\Microsoft\WindowsApps;C:\Users\Karthik Raja\AppData\Local\GitHubDesktop\bin;;C:\Users\Karthik Raja\OneDrive\Desktop;;."/>
    <property name="java.vm.info" value="mixed mode"/>
    <property name="java.vendor" value="Eclipse Adoptium"/>
    <property name="java.vm.version" value="17.0.4.1+1"/>
    <property name="sun.io.unicode.encoding" value="UnicodeLittle"/>
    <property name="java.class.version" value="61.0"/>
  </properties>
  <testcase name="VerifyPageTitle" classname="testcases.TC001_Test" time="0.049">
    <system-err><![CDATA[Starting ChromeDriver 110.0.5481.77 (65ed616c6e8ee3fe0ad64fe83796c020644d42af-refs/branch-heads/5481@{#839}) on port 64022
Only local connections are allowed.
Please see https://chromedriver.chromium.org/security-considerations for suggestions on keeping ChromeDriver safe.
ChromeDriver was started successfully.
[1677583091.101][WARNING]: virtual void DevToolsClientImpl::AddListener(DevToolsEventListener *) subscribing a listener to the already connected DevToolsClient. Connection notification will not arrive.
Feb 28, 2023 4:48:11 PM org.openqa.selenium.remote.ProtocolHandshake createSession
INFO: Detected dialect: W3C
]]></system-err>
  </testcase>
  <testcase name="VerifySearchFeatureInvalidData" classname="testcases.TC001_Test" time="2.92"/>
  <testcase name="VerifySearchFeature" classname="testcases.TC001_Test" time="2.203"/>
  <testcase name="VerifyOpenSearchResults" classname="testcases.TC001_Test" time="20.753">
    <system-out><![CDATA[[[[ChromeDriver: chrome on WINDOWS (c1275e84098c5a286a22d41e8f169518)] -> xpath: //div[@class='search-result']/p/a], [[ChromeDriver: chrome on WINDOWS (c1275e84098c5a286a22d41e8f169518)] -> xpath: //div[@class='search-result']/p/a], [[ChromeDriver: chrome on WINDOWS (c1275e84098c5a286a22d41e8f169518)] -> xpath: //div[@class='search-result']/p/a], [[ChromeDriver: chrome on WINDOWS (c1275e84098c5a286a22d41e8f169518)] -> xpath: //div[@class='search-result']/p/a], [[ChromeDriver: chrome on WINDOWS (c1275e84098c5a286a22d41e8f169518)] -> xpath: //div[@class='search-result']/p/a], [[ChromeDriver: chrome on WINDOWS (c1275e84098c5a286a22d41e8f169518)] -> xpath: //div[@class='search-result']/p/a], [[ChromeDriver: chrome on WINDOWS (c1275e84098c5a286a22d41e8f169518)] -> xpath: //div[@class='search-result']/p/a]]
Global Careers
Global Careers – Hitachi Solutions
[[[ChromeDriver: chrome on WINDOWS (c1275e84098c5a286a22d41e8f169518)] -> xpath: //div[@class='search-result']/p/a], [[ChromeDriver: chrome on WINDOWS (c1275e84098c5a286a22d41e8f169518)] -> xpath: //div[@class='search-result']/p/a], [[ChromeDriver: chrome on WINDOWS (c1275e84098c5a286a22d41e8f169518)] -> xpath: //div[@class='search-result']/p/a], [[ChromeDriver: chrome on WINDOWS (c1275e84098c5a286a22d41e8f169518)] -> xpath: //div[@class='search-result']/p/a], [[ChromeDriver: chrome on WINDOWS (c1275e84098c5a286a22d41e8f169518)] -> xpath: //div[@class='search-result']/p/a], [[ChromeDriver: chrome on WINDOWS (c1275e84098c5a286a22d41e8f169518)] -> xpath: //div[@class='search-result']/p/a], [[ChromeDriver: chrome on WINDOWS (c1275e84098c5a286a22d41e8f169518)] -> xpath: //div[@class='search-result']/p/a]]
Careers
Careers – Hitachi Solutions
[[[ChromeDriver: chrome on WINDOWS (c1275e84098c5a286a22d41e8f169518)] -> xpath: //div[@class='search-result']/p/a], [[ChromeDriver: chrome on WINDOWS (c1275e84098c5a286a22d41e8f169518)] -> xpath: //div[@class='search-result']/p/a], [[ChromeDriver: chrome on WINDOWS (c1275e84098c5a286a22d41e8f169518)] -> xpath: //div[@class='search-result']/p/a], [[ChromeDriver: chrome on WINDOWS (c1275e84098c5a286a22d41e8f169518)] -> xpath: //div[@class='search-result']/p/a], [[ChromeDriver: chrome on WINDOWS (c1275e84098c5a286a22d41e8f169518)] -> xpath: //div[@class='search-result']/p/a], [[ChromeDriver: chrome on WINDOWS (c1275e84098c5a286a22d41e8f169518)] -> xpath: //div[@class='search-result']/p/a], [[ChromeDriver: chrome on WINDOWS (c1275e84098c5a286a22d41e8f169518)] -> xpath: //div[@class='search-result']/p/a]]
Takeaways from a Reenergized SQL Saturday
Takeaways from a Reenergized SQL Saturday – Hitachi Solutions
[[[ChromeDriver: chrome on WINDOWS (c1275e84098c5a286a22d41e8f169518)] -> xpath: //div[@class='search-result']/p/a], [[ChromeDriver: chrome on WINDOWS (c1275e84098c5a286a22d41e8f169518)] -> xpath: //div[@class='search-result']/p/a], [[ChromeDriver: chrome on WINDOWS (c1275e84098c5a286a22d41e8f169518)] -> xpath: //div[@class='search-result']/p/a], [[ChromeDriver: chrome on WINDOWS (c1275e84098c5a286a22d41e8f169518)] -> xpath: //div[@class='search-result']/p/a], [[ChromeDriver: chrome on WINDOWS (c1275e84098c5a286a22d41e8f169518)] -> xpath: //div[@class='search-result']/p/a], [[ChromeDriver: chrome on WINDOWS (c1275e84098c5a286a22d41e8f169518)] -> xpath: //div[@class='search-result']/p/a], [[ChromeDriver: chrome on WINDOWS (c1275e84098c5a286a22d41e8f169518)] -> xpath: //div[@class='search-result']/p/a]]
Hitachi Solutions Launch Program
Hitachi Solutions Launch Program – Hitachi Solutions
[[[ChromeDriver: chrome on WINDOWS (c1275e84098c5a286a22d41e8f169518)] -> xpath: //div[@class='search-result']/p/a], [[ChromeDriver: chrome on WINDOWS (c1275e84098c5a286a22d41e8f169518)] -> xpath: //div[@class='search-result']/p/a], [[ChromeDriver: chrome on WINDOWS (c1275e84098c5a286a22d41e8f169518)] -> xpath: //div[@class='search-result']/p/a], [[ChromeDriver: chrome on WINDOWS (c1275e84098c5a286a22d41e8f169518)] -> xpath: //div[@class='search-result']/p/a], [[ChromeDriver: chrome on WINDOWS (c1275e84098c5a286a22d41e8f169518)] -> xpath: //div[@class='search-result']/p/a], [[ChromeDriver: chrome on WINDOWS (c1275e84098c5a286a22d41e8f169518)] -> xpath: //div[@class='search-result']/p/a], [[ChromeDriver: chrome on WINDOWS (c1275e84098c5a286a22d41e8f169518)] -> xpath: //div[@class='search-result']/p/a]]
Microsoft Dynamics 365 Human Resources
Microsoft Dynamics 365 Human Resources – Hitachi Solutions
[[[ChromeDriver: chrome on WINDOWS (c1275e84098c5a286a22d41e8f169518)] -> xpath: //div[@class='search-result']/p/a], [[ChromeDriver: chrome on WINDOWS (c1275e84098c5a286a22d41e8f169518)] -> xpath: //div[@class='search-result']/p/a], [[ChromeDriver: chrome on WINDOWS (c1275e84098c5a286a22d41e8f169518)] -> xpath: //div[@class='search-result']/p/a], [[ChromeDriver: chrome on WINDOWS (c1275e84098c5a286a22d41e8f169518)] -> xpath: //div[@class='search-result']/p/a], [[ChromeDriver: chrome on WINDOWS (c1275e84098c5a286a22d41e8f169518)] -> xpath: //div[@class='search-result']/p/a], [[ChromeDriver: chrome on WINDOWS (c1275e84098c5a286a22d41e8f169518)] -> xpath: //div[@class='search-result']/p/a], [[ChromeDriver: chrome on WINDOWS (c1275e84098c5a286a22d41e8f169518)] -> xpath: //div[@class='search-result']/p/a]]
Top 5 Reasons to use Dynamics 365 for Talent: Attract
Top 5 Reasons to use Dynamics 365 for Talent: Attract – Hitachi Solutions
[[[ChromeDriver: chrome on WINDOWS (c1275e84098c5a286a22d41e8f169518)] -> xpath: //div[@class='search-result']/p/a], [[ChromeDriver: chrome on WINDOWS (c1275e84098c5a286a22d41e8f169518)] -> xpath: //div[@class='search-result']/p/a], [[ChromeDriver: chrome on WINDOWS (c1275e84098c5a286a22d41e8f169518)] -> xpath: //div[@class='search-result']/p/a], [[ChromeDriver: chrome on WINDOWS (c1275e84098c5a286a22d41e8f169518)] -> xpath: //div[@class='search-result']/p/a], [[ChromeDriver: chrome on WINDOWS (c1275e84098c5a286a22d41e8f169518)] -> xpath: //div[@class='search-result']/p/a], [[ChromeDriver: chrome on WINDOWS (c1275e84098c5a286a22d41e8f169518)] -> xpath: //div[@class='search-result']/p/a], [[ChromeDriver: chrome on WINDOWS (c1275e84098c5a286a22d41e8f169518)] -> xpath: //div[@class='search-result']/p/a]]
The Digital CIO: Staying Relevant in the Age of the Chief Digital Officer
The Digital CIO: Staying Relevant in the Age of the Chief Digital Officer – Hitachi Solutions
[[[ChromeDriver: chrome on WINDOWS (c1275e84098c5a286a22d41e8f169518)] -> xpath: //div[@class='search-result']/p/a], [[ChromeDriver: chrome on WINDOWS (c1275e84098c5a286a22d41e8f169518)] -> xpath: //div[@class='search-result']/p/a], [[ChromeDriver: chrome on WINDOWS (c1275e84098c5a286a22d41e8f169518)] -> xpath: //div[@class='search-result']/p/a], [[ChromeDriver: chrome on WINDOWS (c1275e84098c5a286a22d41e8f169518)] -> xpath: //div[@class='search-result']/p/a], [[ChromeDriver: chrome on WINDOWS (c1275e84098c5a286a22d41e8f169518)] -> xpath: //div[@class='search-result']/p/a], [[ChromeDriver: chrome on WINDOWS (c1275e84098c5a286a22d41e8f169518)] -> xpath: //div[@class='search-result']/p/a], [[ChromeDriver: chrome on WINDOWS (c1275e84098c5a286a22d41e8f169518)] -> xpath: //div[@class='search-result']/p/a]]
]]></system-out>
  </testcase>
</testsuite>