<?xml version="1.0" encoding="UTF-8"?>
<!-- Generated by org.testng.reporters.JUnitReportReporter -->
<testsuite hostname="DESKTOP-LGBIQQ6" failures="0" tests="4" name="testcases.TC001_Test" time="25.575" errors="0" timestamp="2023-02-28T16:22:53 IST" skipped="0">
  <testcase classname="testcases.TC001_Test" name="VerifyPageTitle" time="0.039"/>
  <system-out/>
  <testcase classname="testcases.TC001_Test" name="VerifySearchFeatureInvalidData" time="2.186"/>
  <system-out/>
  <testcase classname="testcases.TC001_Test" name="VerifySearchFeature" time="2.165"/>
  <system-out/>
  <testcase classname="testcases.TC001_Test" name="VerifyOpenSearchResults" time="21.185"/>
  <system-out/>
</testsuite> <!-- testcases.TC001_Test -->
