<?xml version="1.0" encoding="UTF-8"?>
<!-- Generated by org.testng.reporters.JUnitReportReporter -->
<testsuite hostname="DESKTOP-LGBIQQ6" failures="0" tests="1" name="testcases.TC001" time="0.021" errors="0" timestamp="2023-02-27T17:31:01 IST" skipped="0">
  <testcase classname="testcases.TC001" name="Test001" time="0.021"/>
  <system-out/>
</testsuite> <!-- testcases.TC001 -->
