<?xml version="1.0" encoding="UTF-8"?>
<!-- Generated by org.testng.reporters.JUnitReportReporter -->
<testsuite hostname="DESKTOP-LGBIQQ6" failures="0" tests="4" name="testcases.TC001_Test" time="25.927" errors="0" timestamp="2023-02-28T16:48:40 IST" skipped="0">
  <testcase classname="testcases.TC001_Test" name="VerifyPageTitle" time="0.046"/>
  <system-out/>
  <testcase classname="testcases.TC001_Test" name="VerifySearchFeatureInvalidData" time="2.926"/>
  <system-out/>
  <testcase classname="testcases.TC001_Test" name="VerifySearchFeature" time="2.204"/>
  <system-out/>
  <testcase classname="testcases.TC001_Test" name="VerifyOpenSearchResults" time="20.751"/>
  <system-out/>
</testsuite> <!-- testcases.TC001_Test -->
